<?xml version='1.0' encoding='UTF-8'?>
<testsuite hostname="DESKTOP-FIH3HNF" name="LicznikSpec" tests="4" errors="0" failures="0" skipped="0" time="0.039" timestamp="2026-05-04T20:24:08">
          <properties>
[...]
</properties>
          <testcase classname="LicznikSpec" name="LicznikActor should zwrocic 0 na starcie" time="0.036">
                      
                    </testcase><testcase classname="LicznikSpec" name="LicznikActor should zwiekszyc licznik po Increment" time="0.002">
                      
                    </testcase><testcase classname="LicznikSpec" name="LicznikActor should zmniejszyc licznik po Decrement" time="0.001">
                      
                    </testcase><testcase classname="LicznikSpec" name="LicznikActor should zerowac licznik po Reset" time="0.0">
                      
                    </testcase>
          <system-out><![CDATA[]]></system-out>
          <system-err><![CDATA[]]></system-err>
        </testsuite>